2026-06-19 20:12:03 [WARNING ] fec.generer_qr_bytes — FEC: bibliothèque qrcode non installée — QR code ignoré
2026-06-19 20:12:03 [INFO    ] fec.emettre_facture_fec — FEC émise : FEC-2026-000001 | vente_id=603 | montant=3000 FCFA
2026-06-19 20:26:43 [INFO    ] database.init_db — Base de données initialisée avec succès.
2026-06-19 20:26:43 [INFO    ] main.on_startup — API HSHOP démarrée — base initialisée/vérifiée.
2026-06-19 20:30:25 [INFO    ] database.init_db — Base de données initialisée avec succès.
2026-06-19 20:30:25 [INFO    ] main.on_startup — API HSHOP démarrée — base initialisée/vérifiée.
2026-06-19 20:33:42 [INFO    ] database.init_db — Base de données initialisée avec succès.
2026-06-19 20:33:42 [INFO    ] main.on_startup — API HSHOP démarrée — base initialisée/vérifiée.
2026-06-19 20:33:56 [WARNING ] fec.generer_qr_bytes — FEC: bibliothèque qrcode non installée — QR code ignoré
2026-06-19 20:33:56 [INFO    ] fec.emettre_facture_fec — FEC émise : FEC-2026-000002 | vente_id=607 | montant=3000 FCFA
2026-06-19 20:37:49 [INFO    ] database.init_db — Base de données initialisée avec succès.
2026-06-19 20:37:49 [INFO    ] main.on_startup — API HSHOP démarrée — base initialisée/vérifiée.
2026-06-19 20:37:58 [WARNING ] fec.generer_qr_bytes — FEC: bibliothèque qrcode non installée — QR code ignoré
2026-06-19 20:37:58 [INFO    ] fec.emettre_facture_fec — FEC émise : FEC-2026-000003 | vente_id=608 | montant=3000 FCFA
2026-06-19 20:38:55 [WARNING ] fec.generer_qr_bytes — FEC: bibliothèque qrcode non installée — QR code ignoré
2026-06-19 20:38:55 [INFO    ] fec.emettre_facture_fec — FEC émise : FEC-2026-000004 | vente_id=609 | montant=3000 FCFA
2026-06-19 20:46:48 [INFO    ] database.init_db — Base de données initialisée avec succès.
2026-06-19 20:46:48 [INFO    ] main.on_startup — API HSHOP démarrée — base initialisée/vérifiée.
2026-06-20 04:42:59 [INFO    ] database.init_db — Base de données initialisée avec succès.
2026-06-20 04:42:59 [INFO    ] main.on_startup — API HSHOP démarrée — base initialisée/vérifiée.
2026-06-20 04:56:40 [INFO    ] database.init_db — Base de données initialisée avec succès.
2026-06-20 04:56:40 [INFO    ] main.on_startup — API HSHOP démarrée — base initialisée/vérifiée.
2026-06-20 04:58:08 [WARNING ] fec.generer_qr_bytes — FEC: bibliothèque qrcode non installée — QR code ignoré
2026-06-20 04:58:08 [INFO    ] fec.emettre_facture_fec — FEC émise : FEC-2026-000005 | vente_id=610 | montant=3000 FCFA
2026-06-20 04:59:08 [WARNING ] fec.generer_qr_bytes — FEC: bibliothèque qrcode non installée — QR code ignoré
2026-06-20 04:59:08 [INFO    ] fec.emettre_facture_fec — FEC émise : FEC-2026-000006 | vente_id=611 | montant=3000 FCFA
2026-06-20 05:07:03 [INFO    ] database.init_db — Base de données initialisée avec succès.
2026-06-20 05:07:03 [INFO    ] main.on_startup — API HSHOP démarrée — base initialisée/vérifiée.
2026-06-20 05:08:40 [WARNING ] fec.generer_qr_bytes — FEC: bibliothèque qrcode non installée — QR code ignoré
2026-06-20 05:08:40 [INFO    ] fec.emettre_facture_fec — FEC émise : FEC-2026-000007 | vente_id=612 | montant=4000 FCFA
2026-06-20 05:10:07 [WARNING ] fec.generer_qr_bytes — FEC: bibliothèque qrcode non installée — QR code ignoré
2026-06-20 05:10:07 [INFO    ] fec.emettre_facture_fec — FEC émise : FEC-2026-000008 | vente_id=613 | montant=4000 FCFA
2026-06-20 05:14:45 [INFO    ] fec.emettre_facture_fec — FEC émise : FEC-2026-000009 | vente_id=613 | montant=4000 FCFA
2026-06-20 05:16:00 [INFO    ] database.init_db — Base de données initialisée avec succès.
2026-06-20 05:16:00 [INFO    ] main.on_startup — API HSHOP démarrée — base initialisée/vérifiée.
2026-06-20 05:16:11 [INFO    ] fec.emettre_facture_fec — FEC émise : FEC-2026-000010 | vente_id=614 | montant=4000 FCFA
2026-06-20 05:27:38 [INFO    ] database.init_db — Base de données initialisée avec succès.
2026-06-20 05:27:38 [INFO    ] main.on_startup — API HSHOP démarrée — base initialisée/vérifiée.
2026-06-20 05:32:35 [INFO    ] database.init_db — Base de données initialisée avec succès.
2026-06-20 05:32:35 [INFO    ] main.on_startup — API HSHOP démarrée — base initialisée/vérifiée.
2026-06-20 05:40:27 [INFO    ] database.init_db — Base de données initialisée avec succès.
2026-06-20 05:40:27 [INFO    ] main.on_startup — API HSHOP démarrée — base initialisée/vérifiée.
2026-06-20 05:47:32 [INFO    ] database.init_db — Base de données initialisée avec succès.
2026-06-20 05:47:32 [INFO    ] main.on_startup — API HSHOP démarrée — base initialisée/vérifiée.
2026-06-20 05:54:24 [INFO    ] database.init_db — Base de données initialisée avec succès.
2026-06-20 05:54:24 [INFO    ] main.on_startup — API HSHOP démarrée — base initialisée/vérifiée.
2026-06-20 05:58:26 [INFO    ] database.init_db — Base de données initialisée avec succès.
2026-06-20 05:58:26 [INFO    ] main.on_startup — API HSHOP démarrée — base initialisée/vérifiée.
2026-06-20 06:08:06 [INFO    ] database.init_db — Base de données initialisée avec succès.
2026-06-20 06:08:06 [INFO    ] main.on_startup — API HSHOP démarrée — base initialisée/vérifiée.
2026-06-20 06:09:26 [INFO    ] fec.emettre_facture_fec — FEC émise : FEC-2026-000011 | vente_id=615 | montant=4000 FCFA
2026-06-20 06:16:17 [INFO    ] database.init_db — Base de données initialisée avec succès.
2026-06-20 06:16:17 [INFO    ] main.on_startup — API HSHOP démarrée — base initialisée/vérifiée.
2026-06-20 06:24:40 [INFO    ] database.init_db — Base de données initialisée avec succès.
2026-06-20 06:24:40 [INFO    ] main.on_startup — API HSHOP démarrée — base initialisée/vérifiée.
2026-06-20 09:42:34 [INFO    ] database.init_db — Base de données initialisée avec succès.
2026-06-20 09:42:34 [INFO    ] main.on_startup — API HSHOP démarrée — base initialisée/vérifiée.
2026-06-20 09:56:00 [INFO    ] fec.emettre_facture_fec — FEC émise : FEC-2026-000012 | vente_id=616 | montant=9500 FCFA
2026-06-20 09:59:48 [INFO    ] database.init_db — Base de données initialisée avec succès.
2026-06-20 09:59:48 [INFO    ] main.on_startup — API HSHOP démarrée — base initialisée/vérifiée.
2026-06-20 10:03:54 [INFO    ] database.init_db — Base de données initialisée avec succès.
2026-06-20 10:03:54 [INFO    ] main.on_startup — API HSHOP démarrée — base initialisée/vérifiée.
2026-06-20 10:09:38 [INFO    ] database.init_db — Base de données initialisée avec succès.
2026-06-20 10:09:38 [INFO    ] main.on_startup — API HSHOP démarrée — base initialisée/vérifiée.
2026-06-20 10:14:53 [INFO    ] database.init_db — Base de données initialisée avec succès.
2026-06-20 10:14:53 [INFO    ] main.on_startup — API HSHOP démarrée — base initialisée/vérifiée.
2026-06-20 10:19:06 [INFO    ] database.init_db — Base de données initialisée avec succès.
2026-06-20 10:19:06 [INFO    ] main.lifespan — API HSHOP démarrée — base initialisée/vérifiée.
2026-06-20 10:32:47 [INFO    ] database.init_db — Base de données initialisée avec succès.
2026-06-20 10:32:47 [INFO    ] main.lifespan — API HSHOP démarrée — base initialisée/vérifiée.
2026-06-20 10:48:23 [INFO    ] fec.emettre_facture_fec — FEC émise : FEC-2026-000013 | vente_id=617 | montant=4000 FCFA
